<?xml version="1.0" encoding="UTF-8"?>
<!-- Generated by org.testng.reporters.JUnitXMLReporter -->
<testsuite ignored="0" hostname="Gloify-Tech" failures="0" tests="6" name="Test" time="35.739" errors="0" timestamp="2023-03-30T17:21:50 IST">
  <testcase classname="com.inventsuite.testscript.logintestcase001" name="testcase" time="0.081"/>
  <testcase classname="com.inventsuite.testscript.logintestcase01" name="testlogin" time="0.007"/>
  <testcase classname="com.inventsuite.testscript.logintestcase02" name="testcase02" time="5.073"/>
  <testcase classname="com.inventsuite.testscript.logintestcase03" name="testcase03" time="0.055"/>
  <testcase classname="com.inventsuite.testscript.logintestcase04" name="testcase04" time="5.259"/>
  <testcase classname="com.inventsuite.testscript.logintestcase05" name="testcase05" time="11.156"/>
</testsuite> <!-- Test -->
