<?xml version="1.0" encoding="UTF-8"?>
<!-- Generated by org.testng.reporters.JUnitXMLReporter -->
<testsuite ignored="0" hostname="Gloify-Tech" failures="0" tests="5" name="Test" time="32.885" errors="0" timestamp="2023-03-30T12:37:27 IST">
  <testcase classname="com.inventsuite.testscript.logintestcase001" name="testcase" time="0.073"/>
  <testcase classname="com.inventsuite.testscript.logintestcase01" name="testlogin" time="0.009"/>
  <testcase classname="com.inventsuite.testscript.logintestcase02" name="testcase02" time="5.052"/>
  <testcase classname="com.inventsuite.testscript.logintestcase03" name="testcase03" time="0.06"/>
  <testcase classname="com.inventsuite.testscript.logintestcase04" name="testcase04" time="5.264"/>
</testsuite> <!-- Test -->
