<?xml version="1.0" encoding="UTF-8"?>
<testng-results ignored="0" total="1" passed="1" failed="0" skipped="0">
  <reporter-output>
  </reporter-output>
  <suite started-at="2023-03-17T12:00:11 IST" name="com.inventsuite.testscript" finished-at="2023-03-17T12:00:17 IST" duration-ms="6055">
    <groups>
    </groups>
    <test started-at="2023-03-17T12:00:11 IST" name="Inventsuite" finished-at="2023-03-17T12:00:17 IST" duration-ms="6055">
      <class name="com.inventsuite.testscript.logintestcase01">
        <test-method is-config="true" signature="openBrowser()[pri:0, instance:com.inventsuite.testscript.logintestcase01@5f058f00]" started-at="2023-03-17T12:00:11 IST" name="openBrowser" finished-at="2023-03-17T12:00:13 IST" duration-ms="1879" status="PASS">
          <reporter-output>
          </reporter-output>
        </test-method> <!-- openBrowser -->
        <test-method is-config="true" signature="login()[pri:0, instance:com.inventsuite.testscript.logintestcase01@5f058f00]" started-at="2023-03-17T12:00:13 IST" name="login" finished-at="2023-03-17T12:00:17 IST" duration-ms="3778" status="PASS">
          <reporter-output>
          </reporter-output>
        </test-method> <!-- login -->
        <test-method signature="testlogin()[pri:0, instance:com.inventsuite.testscript.logintestcase01@5f058f00]" started-at="2023-03-17T12:00:17 IST" name="testlogin" finished-at="2023-03-17T12:00:17 IST" duration-ms="40" status="PASS">
          <reporter-output>
          </reporter-output>
        </test-method> <!-- testlogin -->
        <test-method is-config="true" signature="closeBrowser()[pri:0, instance:com.inventsuite.testscript.logintestcase01@5f058f00]" started-at="2023-03-17T12:00:17 IST" name="closeBrowser" finished-at="2023-03-17T12:00:17 IST" duration-ms="322" status="PASS">
          <reporter-output>
          </reporter-output>
        </test-method> <!-- closeBrowser -->
      </class> <!-- com.inventsuite.testscript.logintestcase01 -->
    </test> <!-- Inventsuite -->
  </suite> <!-- com.inventsuite.testscript -->
</testng-results>
