<?xml version="1.0" encoding="UTF-8"?>
<testng-results ignored="0" total="6" passed="6" failed="0" skipped="0">
  <reporter-output>
    <line>
      <![CDATA[Login]]>
    </line>
  </reporter-output>
  <suite started-at="2023-03-30T17:21:14 IST" name="Suite" finished-at="2023-03-30T17:21:50 IST" duration-ms="35739">
    <groups>
    </groups>
    <test started-at="2023-03-30T17:21:14 IST" name="Test" finished-at="2023-03-30T17:21:50 IST" duration-ms="35739">
      <class name="com.inventsuite.testscript.logintestcase05">
        <test-method is-config="true" signature="openBrowser()[pri:0, instance:com.inventsuite.testscript.logintestcase05@20deea7f]" started-at="2023-03-30T17:21:36 IST" name="openBrowser" finished-at="2023-03-30T17:21:37 IST" duration-ms="890" status="PASS">
          <reporter-output>
          </reporter-output>
        </test-method> <!-- openBrowser -->
        <test-method is-config="true" signature="login()[pri:0, instance:com.inventsuite.testscript.logintestcase05@20deea7f]" started-at="2023-03-30T17:21:37 IST" name="login" finished-at="2023-03-30T17:21:38 IST" duration-ms="1253" status="PASS">
          <reporter-output>
          </reporter-output>
        </test-method> <!-- login -->
        <test-method signature="testcase05()[pri:0, instance:com.inventsuite.testscript.logintestcase05@20deea7f]" started-at="2023-03-30T17:21:38 IST" name="testcase05" finished-at="2023-03-30T17:21:49 IST" duration-ms="11156" status="PASS">
          <reporter-output>
            <line>
              <![CDATA[Login]]>
            </line>
          </reporter-output>
        </test-method> <!-- testcase05 -->
        <test-method is-config="true" signature="closeBrowser()[pri:0, instance:com.inventsuite.testscript.logintestcase05@20deea7f]" started-at="2023-03-30T17:21:49 IST" name="closeBrowser" finished-at="2023-03-30T17:21:50 IST" duration-ms="340" status="PASS">
          <reporter-output>
          </reporter-output>
        </test-method> <!-- closeBrowser -->
      </class> <!-- com.inventsuite.testscript.logintestcase05 -->
      <class name="com.inventsuite.testscript.logintestcase001">
        <test-method is-config="true" signature="openBrowser()[pri:0, instance:com.inventsuite.testscript.logintestcase001@7722c3c3]" started-at="2023-03-30T17:21:14 IST" name="openBrowser" finished-at="2023-03-30T17:21:15 IST" duration-ms="1385" status="PASS">
          <reporter-output>
          </reporter-output>
        </test-method> <!-- openBrowser -->
        <test-method is-config="true" signature="login()[pri:0, instance:com.inventsuite.testscript.logintestcase001@7722c3c3]" started-at="2023-03-30T17:21:15 IST" name="login" finished-at="2023-03-30T17:21:17 IST" duration-ms="1368" status="PASS">
          <reporter-output>
          </reporter-output>
        </test-method> <!-- login -->
        <test-method signature="testcase()[pri:0, instance:com.inventsuite.testscript.logintestcase001@7722c3c3]" started-at="2023-03-30T17:21:17 IST" name="testcase" finished-at="2023-03-30T17:21:17 IST" duration-ms="81" status="PASS">
          <reporter-output>
          </reporter-output>
        </test-method> <!-- testcase -->
        <test-method is-config="true" signature="closeBrowser()[pri:0, instance:com.inventsuite.testscript.logintestcase001@7722c3c3]" started-at="2023-03-30T17:21:17 IST" name="closeBrowser" finished-at="2023-03-30T17:21:17 IST" duration-ms="435" status="PASS">
          <reporter-output>
          </reporter-output>
        </test-method> <!-- closeBrowser -->
      </class> <!-- com.inventsuite.testscript.logintestcase001 -->
      <class name="com.inventsuite.testscript.logintestcase01">
        <test-method is-config="true" signature="openBrowser()[pri:0, instance:com.inventsuite.testscript.logintestcase01@1ea9f6af]" started-at="2023-03-30T17:21:17 IST" name="openBrowser" finished-at="2023-03-30T17:21:18 IST" duration-ms="988" status="PASS">
          <reporter-output>
          </reporter-output>
        </test-method> <!-- openBrowser -->
        <test-method is-config="true" signature="login()[pri:0, instance:com.inventsuite.testscript.logintestcase01@1ea9f6af]" started-at="2023-03-30T17:21:18 IST" name="login" finished-at="2023-03-30T17:21:19 IST" duration-ms="692" status="PASS">
          <reporter-output>
          </reporter-output>
        </test-method> <!-- login -->
        <test-method signature="testlogin()[pri:0, instance:com.inventsuite.testscript.logintestcase01@1ea9f6af]" started-at="2023-03-30T17:21:19 IST" name="testlogin" finished-at="2023-03-30T17:21:19 IST" duration-ms="7" status="PASS">
          <reporter-output>
          </reporter-output>
        </test-method> <!-- testlogin -->
        <test-method is-config="true" signature="closeBrowser()[pri:0, instance:com.inventsuite.testscript.logintestcase01@1ea9f6af]" started-at="2023-03-30T17:21:19 IST" name="closeBrowser" finished-at="2023-03-30T17:21:19 IST" duration-ms="258" status="PASS">
          <reporter-output>
          </reporter-output>
        </test-method> <!-- closeBrowser -->
      </class> <!-- com.inventsuite.testscript.logintestcase01 -->
      <class name="com.inventsuite.testscript.logintestcase02">
        <test-method is-config="true" signature="openBrowser()[pri:0, instance:com.inventsuite.testscript.logintestcase02@6a192cfe]" started-at="2023-03-30T17:21:19 IST" name="openBrowser" finished-at="2023-03-30T17:21:20 IST" duration-ms="880" status="PASS">
          <reporter-output>
          </reporter-output>
        </test-method> <!-- openBrowser -->
        <test-method is-config="true" signature="login()[pri:0, instance:com.inventsuite.testscript.logintestcase02@6a192cfe]" started-at="2023-03-30T17:21:20 IST" name="login" finished-at="2023-03-30T17:21:21 IST" duration-ms="663" status="PASS">
          <reporter-output>
          </reporter-output>
        </test-method> <!-- login -->
        <test-method signature="testcase02()[pri:0, instance:com.inventsuite.testscript.logintestcase02@6a192cfe]" started-at="2023-03-30T17:21:21 IST" name="testcase02" finished-at="2023-03-30T17:21:26 IST" duration-ms="5073" status="PASS">
          <reporter-output>
          </reporter-output>
        </test-method> <!-- testcase02 -->
        <test-method is-config="true" signature="closeBrowser()[pri:0, instance:com.inventsuite.testscript.logintestcase02@6a192cfe]" started-at="2023-03-30T17:21:26 IST" name="closeBrowser" finished-at="2023-03-30T17:21:26 IST" duration-ms="319" status="PASS">
          <reporter-output>
          </reporter-output>
        </test-method> <!-- closeBrowser -->
      </class> <!-- com.inventsuite.testscript.logintestcase02 -->
      <class name="com.inventsuite.testscript.logintestcase03">
        <test-method is-config="true" signature="openBrowser()[pri:0, instance:com.inventsuite.testscript.logintestcase03@5119fb47]" started-at="2023-03-30T17:21:26 IST" name="openBrowser" finished-at="2023-03-30T17:21:27 IST" duration-ms="1061" status="PASS">
          <reporter-output>
          </reporter-output>
        </test-method> <!-- openBrowser -->
        <test-method is-config="true" signature="login()[pri:0, instance:com.inventsuite.testscript.logintestcase03@5119fb47]" started-at="2023-03-30T17:21:27 IST" name="login" finished-at="2023-03-30T17:21:28 IST" duration-ms="1124" status="PASS">
          <reporter-output>
          </reporter-output>
        </test-method> <!-- login -->
        <test-method signature="testcase03()[pri:0, instance:com.inventsuite.testscript.logintestcase03@5119fb47]" started-at="2023-03-30T17:21:28 IST" name="testcase03" finished-at="2023-03-30T17:21:28 IST" duration-ms="55" status="PASS">
          <reporter-output>
          </reporter-output>
        </test-method> <!-- testcase03 -->
        <test-method is-config="true" signature="closeBrowser()[pri:0, instance:com.inventsuite.testscript.logintestcase03@5119fb47]" started-at="2023-03-30T17:21:28 IST" name="closeBrowser" finished-at="2023-03-30T17:21:29 IST" duration-ms="286" status="PASS">
          <reporter-output>
          </reporter-output>
        </test-method> <!-- closeBrowser -->
      </class> <!-- com.inventsuite.testscript.logintestcase03 -->
      <class name="com.inventsuite.testscript.logintestcase04">
        <test-method is-config="true" signature="openBrowser()[pri:0, instance:com.inventsuite.testscript.logintestcase04@7193666c]" started-at="2023-03-30T17:21:29 IST" name="openBrowser" finished-at="2023-03-30T17:21:30 IST" duration-ms="924" status="PASS">
          <reporter-output>
          </reporter-output>
        </test-method> <!-- openBrowser -->
        <test-method is-config="true" signature="login()[pri:0, instance:com.inventsuite.testscript.logintestcase04@7193666c]" started-at="2023-03-30T17:21:30 IST" name="login" finished-at="2023-03-30T17:21:30 IST" duration-ms="769" status="PASS">
          <reporter-output>
          </reporter-output>
        </test-method> <!-- login -->
        <test-method signature="testcase04()[pri:0, instance:com.inventsuite.testscript.logintestcase04@7193666c]" started-at="2023-03-30T17:21:30 IST" name="testcase04" finished-at="2023-03-30T17:21:36 IST" duration-ms="5259" status="PASS">
          <reporter-output>
          </reporter-output>
        </test-method> <!-- testcase04 -->
        <test-method is-config="true" signature="closeBrowser()[pri:0, instance:com.inventsuite.testscript.logintestcase04@7193666c]" started-at="2023-03-30T17:21:36 IST" name="closeBrowser" finished-at="2023-03-30T17:21:36 IST" duration-ms="418" status="PASS">
          <reporter-output>
          </reporter-output>
        </test-method> <!-- closeBrowser -->
      </class> <!-- com.inventsuite.testscript.logintestcase04 -->
    </test> <!-- Test -->
  </suite> <!-- Suite -->
</testng-results>
